<?xml version="1.0" encoding="UTF-8"?>
<testsuite name="test_get_vaccine_date_tests.TestGetVaccineDate-20220523122212" tests="22" file="test_get_vaccine_date_tests.py" time="0.318" timestamp="2022-05-23T12:22:13" failures="0" errors="0" skipped="0">
	<testcase classname="test_get_vaccine_date_tests.TestGetVaccineDate" name="test_get_date_no_ok" time="0.016" timestamp="2022-05-23T12:22:12"/>
	<testcase classname="test_get_vaccine_date_tests.TestGetVaccineDate" name="test_get_date_no_ok_BV_day_0" time="0.006" timestamp="2022-05-23T12:22:12"/>
	<testcase classname="test_get_vaccine_date_tests.TestGetVaccineDate" name="test_get_date_no_ok_BV_days_exceed" time="0.004" timestamp="2022-05-23T12:22:12"/>
	<testcase classname="test_get_vaccine_date_tests.TestGetVaccineDate" name="test_get_date_no_ok_BV_month_0" time="0.004" timestamp="2022-05-23T12:22:12"/>
	<testcase classname="test_get_vaccine_date_tests.TestGetVaccineDate" name="test_get_date_no_ok_BV_one_char_less" time="0.005" timestamp="2022-05-23T12:22:12"/>
	<testcase classname="test_get_vaccine_date_tests.TestGetVaccineDate" name="test_get_date_no_ok_BV_one_char_more" time="0.004" timestamp="2022-05-23T12:22:12"/>
	<testcase classname="test_get_vaccine_date_tests.TestGetVaccineDate" name="test_get_date_no_ok_dash" time="0.005" timestamp="2022-05-23T12:22:12"/>
	<testcase classname="test_get_vaccine_date_tests.TestGetVaccineDate" name="test_get_date_no_ok_data_manipulated" time="0.009" timestamp="2022-05-23T12:22:12"/>
	<testcase classname="test_get_vaccine_date_tests.TestGetVaccineDate" name="test_get_date_no_ok_not_quotes" time="0.004" timestamp="2022-05-23T12:22:12"/>
	<testcase classname="test_get_vaccine_date_tests.TestGetVaccineDate" name="test_get_date_no_ok_outdated" time="0.008" timestamp="2022-05-23T12:22:12"/>
	<testcase classname="test_get_vaccine_date_tests.TestGetVaccineDate" name="test_get_date_no_ok_parameter" time="0.156" timestamp="2022-05-23T12:22:12"/>
	<testcase classname="test_get_vaccine_date_tests.TestGetVaccineDate" name="test_get_date_ok" time="0.015" timestamp="2022-05-23T12:22:12"/>
	<testcase classname="test_get_vaccine_date_tests.TestGetVaccineDate" name="test_get_date_ok_BV_day_in_lower_bound" time="0.011" timestamp="2022-05-23T12:22:13"/>
	<testcase classname="test_get_vaccine_date_tests.TestGetVaccineDate" name="test_get_date_ok_BV_day_in_upper_bound" time="0.010" timestamp="2022-05-23T12:22:13"/>
	<testcase classname="test_get_vaccine_date_tests.TestGetVaccineDate" name="test_get_date_ok_BV_day_lower_bound" time="0.011" timestamp="2022-05-23T12:22:13"/>
	<testcase classname="test_get_vaccine_date_tests.TestGetVaccineDate" name="test_get_date_ok_BV_day_upper_bound" time="0.010" timestamp="2022-05-23T12:22:13"/>
	<testcase classname="test_get_vaccine_date_tests.TestGetVaccineDate" name="test_get_date_ok_BV_month_in_lower_bound" time="0.007" timestamp="2022-05-23T12:22:13"/>
	<testcase classname="test_get_vaccine_date_tests.TestGetVaccineDate" name="test_get_date_ok_BV_month_lower_bound" time="0.008" timestamp="2022-05-23T12:22:13"/>
	<testcase classname="test_get_vaccine_date_tests.TestGetVaccineDate" name="test_get_vaccine_date_no_ok_BV_month_exc" time="0.005" timestamp="2022-05-23T12:22:13"/>
	<testcase classname="test_get_vaccine_date_tests.TestGetVaccineDate" name="test_get_vaccine_date_no_ok_BV_year_0" time="0.005" timestamp="2022-05-23T12:22:13"/>
	<testcase classname="test_get_vaccine_date_tests.TestGetVaccineDate" name="test_get_vaccine_date_ok_BV_month_boundary" time="0.007" timestamp="2022-05-23T12:22:13"/>
	<testcase classname="test_get_vaccine_date_tests.TestGetVaccineDate" name="test_get_vaccine_date_ok_BV_month_in_boundary" time="0.008" timestamp="2022-05-23T12:22:13"/>
</testsuite>
