<?xml version="1.0" encoding="UTF-8"?>
<testsuite name="test_singleton_pattern_tests.MyTestCase-20220523122212" tests="4" file="test_singleton_pattern_tests.py" time="0.008" timestamp="2022-05-23T12:22:13" failures="0" errors="0" skipped="0">
	<testcase classname="test_singleton_pattern_tests.MyTestCase" name="test_appointments_store_singleton" time="0.002" timestamp="2022-05-23T12:22:13"/>
	<testcase classname="test_singleton_pattern_tests.MyTestCase" name="test_patients_store_singleton" time="0.002" timestamp="2022-05-23T12:22:13"/>
	<testcase classname="test_singleton_pattern_tests.MyTestCase" name="test_vaccination_store_singleton" time="0.002" timestamp="2022-05-23T12:22:13"/>
	<testcase classname="test_singleton_pattern_tests.MyTestCase" name="test_vaccine_manager_singleton" time="0.002" timestamp="2022-05-23T12:22:13"/>
</testsuite>
