<?xml version="1.0" encoding="UTF-8"?>
<testsuite name="test_json_cancellation_tests.TestCancellation-20220523122214" tests="6" file="test_json_cancellation_tests.py" time="0.344" timestamp="2022-05-23T12:22:15" failures="0" errors="0" skipped="0">
	<testcase classname="test_json_cancellation_tests.TestCancellation" name="test_Case_Valid_01" time="0.011" timestamp="2022-05-23T12:22:14"/>
	<testcase classname="test_json_cancellation_tests.TestCancellation" name="test_Json_Case_Valid_2" time="0.012" timestamp="2022-05-23T12:22:15"/>
	<testcase classname="test_json_cancellation_tests.TestCancellation" name="test_not_valid_appointment_already_cancelled" time="0.011" timestamp="2022-05-23T12:22:15"/>
	<testcase classname="test_json_cancellation_tests.TestCancellation" name="test_not_valid_appointment_does_not_exist" time="0.007" timestamp="2022-05-23T12:22:15"/>
	<testcase classname="test_json_cancellation_tests.TestCancellation" name="test_not_valid_appointment_is_outdated" time="0.009" timestamp="2022-05-23T12:22:15"/>
	<testcase classname="test_json_cancellation_tests.TestCancellation" name="test_parametrized_Json_Case_NV" time="0.294" timestamp="2022-05-23T12:22:15"/>
</testsuite>
