<?xml version="1.0" encoding="UTF-8"?>
<testsuite name="test_json_cancellation_tests.TestCancellation-20220523154304" tests="6" file="test_json_cancellation_tests.py" time="0.343" timestamp="2022-05-23T15:43:05" failures="0" errors="0" skipped="0">
	<testcase classname="test_json_cancellation_tests.TestCancellation" name="test_Case_NV" time="0.287" timestamp="2022-05-23T15:43:05"/>
	<testcase classname="test_json_cancellation_tests.TestCancellation" name="test_Case_Valid_01" time="0.011" timestamp="2022-05-23T15:43:05"/>
	<testcase classname="test_json_cancellation_tests.TestCancellation" name="test_Json_Case_Valid_2" time="0.012" timestamp="2022-05-23T15:43:05"/>
	<testcase classname="test_json_cancellation_tests.TestCancellation" name="test_not_valid_appointment_day_has_passed" time="0.012" timestamp="2022-05-23T15:43:05"/>
	<testcase classname="test_json_cancellation_tests.TestCancellation" name="test_not_valid_appointment_has_already_been_cancelled" time="0.012" timestamp="2022-05-23T15:43:05"/>
	<testcase classname="test_json_cancellation_tests.TestCancellation" name="test_the_appointment_does_not_exist" time="0.008" timestamp="2022-05-23T15:43:05"/>
</testsuite>
